<?xml version="1.0" encoding="UTF-8"?>
<!-- Generated by org.testng.reporters.JUnitReportReporter -->
<testsuite skipped="0" hostname="Susana-PC" name="com.opensource.admin.qa.TC004_Admin_DeleteUser_POM" tests="1" failures="0" timestamp="2021-03-13T23:33:39 CST" time="53.673" errors="0">
  <testcase name="TC004_Admin_DeleteUser_POM_TC" time="53.673" classname="com.opensource.admin.qa.TC004_Admin_DeleteUser_POM"/>
  <system-out>
Launching... https://opensource-demo.orangehrmlive.com/ Login into Orange OpenSource Click Admin - Go to the admin page Click Add Enter EmployeeName Enter UserName Enter Password Confirm Password Save Button Logout into Orange OpenSource Login into Orange OpenSource Validate that you have logged in successfully Click Admin - Go to the admin page Search username in field Username Verify value in search table Get value from table Select User From Table Click Delete user Verify Popup Delete Get Value From Class Click OK in Delete message Search in table Results Validate in Table Get value from table Get value from table Get value from table Get value from table Get value from table Get value from table Get value from table Get value from table Get value from table Get value from table Get value from table Get value from table Get value from table Get value from table Get value from table Get value from table Get value from table Get value from table Get value from table Get value from table Get value from table Get value from table Get value from table Get value from table Get value from table Get value from table Get value from table Get value from table Get value from table Get value from table Get value from table Get value from table Get value from table Get value from table Get value from table Get value from table Get value from table Get value from table Get value from table Get value from table Get value from table Logout into Orange OpenSource  </system-out>
</testsuite> <!-- com.opensource.admin.qa.TC004_Admin_DeleteUser_POM -->
