<?xml version="1.0" encoding="UTF-8"?>
<!-- Generated by org.testng.reporters.JUnitReportReporter -->
<testsuite skipped="0" hostname="Susana-PC" name="com.opensource.admin.qa.TC002_Admin_SearchEmployee_NotExist" tests="1" failures="0" timestamp="2021-02-20T12:02:21 CST" time="36.541" errors="0">
  <testcase name="TC002_Admin_SearchEmployee_NotExist_TC" time="36.541" classname="com.opensource.admin.qa.TC002_Admin_SearchEmployee_NotExist"/>
  <system-out>
Open Browser "OrangeHRM" web page Enter Username and Password Validate that you have logged in successfully Click Admin - Go to the admin page Search username in field Username Click Search Verify username is not exist in table Log out Close Browser  </system-out>
</testsuite> <!-- com.opensource.admin.qa.TC002_Admin_SearchEmployee_NotExist -->
