<?xml version="1.0" encoding="UTF-8"?>
<!-- Generated by org.testng.reporters.JUnitReportReporter -->
<testsuite skipped="0" hostname="Susana-PC" name="com.opensource.admin.qa.TC002_Admin_SearchEmployee_NotExist_POM" tests="1" failures="0" timestamp="2021-03-13T23:33:40 CST" time="69.478" errors="0">
  <testcase name="TC002_Admin_SearchEmployee_NotExist_POM_TestScript" time="69.478" classname="com.opensource.admin.qa.TC002_Admin_SearchEmployee_NotExist_POM"/>
  <system-out>
Open Browser Launching... https://opensource-demo.orangehrmlive.com/ Login into Orange OpenSource Validate that you have logged in successfully Click Admin - Go to the admin page Search username in field Username Verify value in search table Logout into Orange OpenSource  </system-out>
</testsuite> <!-- com.opensource.admin.qa.TC002_Admin_SearchEmployee_NotExist_POM -->
