<?xml version="1.0" encoding="UTF-8"?>
<!-- Generated by org.testng.reporters.JUnitReportReporter -->
<testsuite skipped="0" hostname="Susana-PC" name="com.opensource.admin.qa.TC005_Admin_CreateUserDisabled_POM" tests="1" failures="0" timestamp="2021-03-13T23:33:39 CST" time="34.791" errors="0">
  <testcase name="TC005_Admin_CreateUserDisabled_POM_TC" time="34.791" classname="com.opensource.admin.qa.TC005_Admin_CreateUserDisabled_POM"/>
  <system-out>
Launching... https://opensource-demo.orangehrmlive.com/ Login into Orange OpenSource Validate that you have logged in successfully Click Admin - Go to the admin page Click Add Enter EmployeeName Enter UserName Select User Status Select Value from List Enter Password Confirm Password Save Button Search username in field Username Search in table Results Validate in Table Get value from table Logout into Orange OpenSource  </system-out>
</testsuite> <!-- com.opensource.admin.qa.TC005_Admin_CreateUserDisabled_POM -->
