<?xml version="1.0" encoding="UTF-8"?>
<!-- Generated by org.testng.reporters.JUnitReportReporter -->
<testsuite skipped="0" hostname="Susana-PC" name="com.opensource.admin.qa.TC003_Admin_AddNewUser" tests="1" failures="0" timestamp="2021-02-20T21:31:11 CST" time="90.202" errors="0">
  <testcase name="TC003_Admin_AddNewUser_TC" time="90.202" classname="com.opensource.admin.qa.TC003_Admin_AddNewUser"/>
  <system-out>
Open Browser "OrangeHRM" web page Enter Username and Password Validate that you have logged in successfully Click Admin - Go to the admin page Verify username exist in table Log out Close Browser  </system-out>
</testsuite> <!-- com.opensource.admin.qa.TC003_Admin_AddNewUser -->
