<?xml version="1.0" encoding="UTF-8"?>
<!-- Generated by org.testng.reporters.JUnitReportReporter -->
<testsuite skipped="0" hostname="Susana-PC" name="com.opensource.admin.qa.TC001_Admin_SearchEmployee_POM" tests="1" failures="0" timestamp="2021-02-20T18:20:34 CST" time="20.714" errors="0">
  <testcase name="TC001_Admin_SearchEmployee_POM_TestScript" time="20.714" classname="com.opensource.admin.qa.TC001_Admin_SearchEmployee_POM"/>
  <system-out>
Launching... https://opensource-demo.orangehrmlive.com/ Login into Orange OpenSource Validate that you have logged in successfully Click Admin - Go to the admin page Search username in field Username Verify value in search table Logout into Orange OpenSource  </system-out>
</testsuite> <!-- com.opensource.admin.qa.TC001_Admin_SearchEmployee_POM -->
